{"sessionId":"2a3dda","hypothesisId":"A","location":"RecommendationService.php:getJobRecommendationsForWorker","message":"Job pool for worker","data":{"worker_id":20,"pool_size":9,"job_ids":[22,21,20,18,3,4,5,1,2],"total_open_with_skills":9},"timestamp":1772398979560}
{"sessionId":"2a3dda","hypothesisId":"C","location":"RecommendationService.php:getJobRecommendationScoreForWorker","message":"Cache hit","data":{"job_id":22,"worker_id":20,"cached_score":0},"timestamp":1772398979675}
{"sessionId":"2a3dda","hypothesisId":"B","location":"RecommendationService.php:worker_loop","message":"Job scored","data":{"job_id":22,"score":0,"success":true,"added":false},"timestamp":1772398979678}
{"sessionId":"2a3dda","hypothesisId":"C","location":"RecommendationService.php:getJobRecommendationScoreForWorker","message":"Cache hit","data":{"job_id":21,"worker_id":20,"cached_score":0},"timestamp":1772398979681}
{"sessionId":"2a3dda","hypothesisId":"B","location":"RecommendationService.php:worker_loop","message":"Job scored","data":{"job_id":21,"score":0,"success":true,"added":false},"timestamp":1772398979681}
{"sessionId":"2a3dda","hypothesisId":"C","location":"RecommendationService.php:getJobRecommendationScoreForWorker","message":"Cache hit","data":{"job_id":20,"worker_id":20,"cached_score":0},"timestamp":1772398979696}
{"sessionId":"2a3dda","hypothesisId":"B","location":"RecommendationService.php:worker_loop","message":"Job scored","data":{"job_id":20,"score":0,"success":true,"added":false},"timestamp":1772398979697}
{"sessionId":"2a3dda","hypothesisId":"C","location":"RecommendationService.php:getJobRecommendationScoreForWorker","message":"Cache hit","data":{"job_id":18,"worker_id":20,"cached_score":0},"timestamp":1772398979709}
{"sessionId":"2a3dda","hypothesisId":"B","location":"RecommendationService.php:worker_loop","message":"Job scored","data":{"job_id":18,"score":0,"success":true,"added":false},"timestamp":1772398979711}
{"sessionId":"2a3dda","hypothesisId":"C","location":"RecommendationService.php:getJobRecommendationScoreForWorker","message":"Cache hit","data":{"job_id":3,"worker_id":20,"cached_score":0},"timestamp":1772398979715}
{"sessionId":"2a3dda","hypothesisId":"B","location":"RecommendationService.php:worker_loop","message":"Job scored","data":{"job_id":3,"score":0,"success":true,"added":false},"timestamp":1772398979723}
{"sessionId":"2a3dda","hypothesisId":"C","location":"RecommendationService.php:getJobRecommendationScoreForWorker","message":"Cache hit","data":{"job_id":4,"worker_id":20,"cached_score":0},"timestamp":1772398979730}
{"sessionId":"2a3dda","hypothesisId":"B","location":"RecommendationService.php:worker_loop","message":"Job scored","data":{"job_id":4,"score":0,"success":true,"added":false},"timestamp":1772398979731}
{"sessionId":"2a3dda","hypothesisId":"C","location":"RecommendationService.php:getJobRecommendationScoreForWorker","message":"Cache hit","data":{"job_id":5,"worker_id":20,"cached_score":20},"timestamp":1772398979742}
{"sessionId":"2a3dda","hypothesisId":"B","location":"RecommendationService.php:worker_loop","message":"Job scored","data":{"job_id":5,"score":20,"success":true,"added":true},"timestamp":1772398979744}
{"sessionId":"2a3dda","hypothesisId":"C","location":"RecommendationService.php:getJobRecommendationScoreForWorker","message":"Cache hit","data":{"job_id":1,"worker_id":20,"cached_score":0},"timestamp":1772398979746}
{"sessionId":"2a3dda","hypothesisId":"B","location":"RecommendationService.php:worker_loop","message":"Job scored","data":{"job_id":1,"score":0,"success":true,"added":false},"timestamp":1772398979747}
{"sessionId":"2a3dda","hypothesisId":"C","location":"RecommendationService.php:getJobRecommendationScoreForWorker","message":"Cache hit","data":{"job_id":2,"worker_id":20,"cached_score":20},"timestamp":1772398979773}
{"sessionId":"2a3dda","hypothesisId":"B","location":"RecommendationService.php:worker_loop","message":"Job scored","data":{"job_id":2,"score":20,"success":true,"added":true},"timestamp":1772398979778}
{"sessionId":"2a3dda","hypothesisId":"A","location":"RecommendationService.php:getJobRecommendationsForWorker","message":"Returned recommendations","data":{"match_count":2,"returned_job_ids":[5,2]},"timestamp":1772398979779}
{"sessionId":"2a3dda","hypothesisId":"A","location":"RecommendationService.php:getJobRecommendationsForWorker","message":"Job pool for worker","data":{"worker_id":20,"pool_size":9,"job_ids":[22,21,20,18,3,4,5,1,2],"total_open_with_skills":9},"timestamp":1772399033624}
{"sessionId":"2a3dda","hypothesisId":"C","location":"RecommendationService.php:getJobRecommendationScoreForWorker","message":"Cache hit","data":{"job_id":22,"worker_id":20,"cached_score":0},"timestamp":1772399033645}
{"sessionId":"2a3dda","hypothesisId":"B","location":"RecommendationService.php:worker_loop","message":"Job scored","data":{"job_id":22,"score":0,"success":true,"added":false},"timestamp":1772399033647}
{"sessionId":"2a3dda","hypothesisId":"C","location":"RecommendationService.php:getJobRecommendationScoreForWorker","message":"Cache hit","data":{"job_id":21,"worker_id":20,"cached_score":0},"timestamp":1772399033657}
{"sessionId":"2a3dda","hypothesisId":"B","location":"RecommendationService.php:worker_loop","message":"Job scored","data":{"job_id":21,"score":0,"success":true,"added":false},"timestamp":1772399033657}
{"sessionId":"2a3dda","hypothesisId":"C","location":"RecommendationService.php:getJobRecommendationScoreForWorker","message":"Cache hit","data":{"job_id":20,"worker_id":20,"cached_score":0},"timestamp":1772399033660}
{"sessionId":"2a3dda","hypothesisId":"B","location":"RecommendationService.php:worker_loop","message":"Job scored","data":{"job_id":20,"score":0,"success":true,"added":false},"timestamp":1772399033661}
{"sessionId":"2a3dda","hypothesisId":"C","location":"RecommendationService.php:getJobRecommendationScoreForWorker","message":"Cache hit","data":{"job_id":18,"worker_id":20,"cached_score":0},"timestamp":1772399033669}
{"sessionId":"2a3dda","hypothesisId":"B","location":"RecommendationService.php:worker_loop","message":"Job scored","data":{"job_id":18,"score":0,"success":true,"added":false},"timestamp":1772399033671}
{"sessionId":"2a3dda","hypothesisId":"C","location":"RecommendationService.php:getJobRecommendationScoreForWorker","message":"Cache hit","data":{"job_id":3,"worker_id":20,"cached_score":0},"timestamp":1772399033674}
{"sessionId":"2a3dda","hypothesisId":"B","location":"RecommendationService.php:worker_loop","message":"Job scored","data":{"job_id":3,"score":0,"success":true,"added":false},"timestamp":1772399033676}
{"sessionId":"2a3dda","hypothesisId":"C","location":"RecommendationService.php:getJobRecommendationScoreForWorker","message":"Cache hit","data":{"job_id":4,"worker_id":20,"cached_score":0},"timestamp":1772399033678}
{"sessionId":"2a3dda","hypothesisId":"B","location":"RecommendationService.php:worker_loop","message":"Job scored","data":{"job_id":4,"score":0,"success":true,"added":false},"timestamp":1772399033679}
{"sessionId":"2a3dda","hypothesisId":"C","location":"RecommendationService.php:getJobRecommendationScoreForWorker","message":"Cache hit","data":{"job_id":5,"worker_id":20,"cached_score":20},"timestamp":1772399033685}
{"sessionId":"2a3dda","hypothesisId":"B","location":"RecommendationService.php:worker_loop","message":"Job scored","data":{"job_id":5,"score":20,"success":true,"added":true},"timestamp":1772399033687}
{"sessionId":"2a3dda","hypothesisId":"C","location":"RecommendationService.php:getJobRecommendationScoreForWorker","message":"Cache hit","data":{"job_id":1,"worker_id":20,"cached_score":0},"timestamp":1772399033690}
{"sessionId":"2a3dda","hypothesisId":"B","location":"RecommendationService.php:worker_loop","message":"Job scored","data":{"job_id":1,"score":0,"success":true,"added":false},"timestamp":1772399033692}
{"sessionId":"2a3dda","hypothesisId":"C","location":"RecommendationService.php:getJobRecommendationScoreForWorker","message":"Cache hit","data":{"job_id":2,"worker_id":20,"cached_score":20},"timestamp":1772399033695}
{"sessionId":"2a3dda","hypothesisId":"B","location":"RecommendationService.php:worker_loop","message":"Job scored","data":{"job_id":2,"score":20,"success":true,"added":true},"timestamp":1772399033695}
{"sessionId":"2a3dda","hypothesisId":"A","location":"RecommendationService.php:getJobRecommendationsForWorker","message":"Returned recommendations","data":{"match_count":2,"returned_job_ids":[5,2]},"timestamp":1772399033696}
{"sessionId":"2a3dda","hypothesisId":"A","location":"RecommendationService.php:getJobRecommendationsForWorker","message":"Job pool for worker","data":{"worker_id":20,"pool_size":10,"job_ids":[23,22,21,20,18,3,4,5,1,2],"total_open_with_skills":10},"timestamp":1772399224089}
{"sessionId":"2a3dda","hypothesisId":"B","location":"RecommendationService.php:worker_loop","message":"Job scored","data":{"job_id":23,"score":47,"success":true,"added":true},"timestamp":1772399225691}
{"sessionId":"2a3dda","hypothesisId":"C","location":"RecommendationService.php:getJobRecommendationScoreForWorker","message":"Cache hit","data":{"job_id":22,"worker_id":20,"cached_score":0},"timestamp":1772399225695}
{"sessionId":"2a3dda","hypothesisId":"B","location":"RecommendationService.php:worker_loop","message":"Job scored","data":{"job_id":22,"score":0,"success":true,"added":false},"timestamp":1772399225696}
{"sessionId":"2a3dda","hypothesisId":"C","location":"RecommendationService.php:getJobRecommendationScoreForWorker","message":"Cache hit","data":{"job_id":21,"worker_id":20,"cached_score":0},"timestamp":1772399225699}
{"sessionId":"2a3dda","hypothesisId":"B","location":"RecommendationService.php:worker_loop","message":"Job scored","data":{"job_id":21,"score":0,"success":true,"added":false},"timestamp":1772399225703}
{"sessionId":"2a3dda","hypothesisId":"C","location":"RecommendationService.php:getJobRecommendationScoreForWorker","message":"Cache hit","data":{"job_id":20,"worker_id":20,"cached_score":0},"timestamp":1772399225707}
{"sessionId":"2a3dda","hypothesisId":"B","location":"RecommendationService.php:worker_loop","message":"Job scored","data":{"job_id":20,"score":0,"success":true,"added":false},"timestamp":1772399225708}
{"sessionId":"2a3dda","hypothesisId":"C","location":"RecommendationService.php:getJobRecommendationScoreForWorker","message":"Cache hit","data":{"job_id":18,"worker_id":20,"cached_score":0},"timestamp":1772399225710}
{"sessionId":"2a3dda","hypothesisId":"B","location":"RecommendationService.php:worker_loop","message":"Job scored","data":{"job_id":18,"score":0,"success":true,"added":false},"timestamp":1772399225711}
{"sessionId":"2a3dda","hypothesisId":"C","location":"RecommendationService.php:getJobRecommendationScoreForWorker","message":"Cache hit","data":{"job_id":3,"worker_id":20,"cached_score":0},"timestamp":1772399225713}
{"sessionId":"2a3dda","hypothesisId":"B","location":"RecommendationService.php:worker_loop","message":"Job scored","data":{"job_id":3,"score":0,"success":true,"added":false},"timestamp":1772399225714}
{"sessionId":"2a3dda","hypothesisId":"C","location":"RecommendationService.php:getJobRecommendationScoreForWorker","message":"Cache hit","data":{"job_id":4,"worker_id":20,"cached_score":0},"timestamp":1772399225719}
{"sessionId":"2a3dda","hypothesisId":"B","location":"RecommendationService.php:worker_loop","message":"Job scored","data":{"job_id":4,"score":0,"success":true,"added":false},"timestamp":1772399225720}
{"sessionId":"2a3dda","hypothesisId":"C","location":"RecommendationService.php:getJobRecommendationScoreForWorker","message":"Cache hit","data":{"job_id":5,"worker_id":20,"cached_score":20},"timestamp":1772399225723}
{"sessionId":"2a3dda","hypothesisId":"B","location":"RecommendationService.php:worker_loop","message":"Job scored","data":{"job_id":5,"score":20,"success":true,"added":true},"timestamp":1772399225724}
{"sessionId":"2a3dda","hypothesisId":"C","location":"RecommendationService.php:getJobRecommendationScoreForWorker","message":"Cache hit","data":{"job_id":1,"worker_id":20,"cached_score":0},"timestamp":1772399225726}
{"sessionId":"2a3dda","hypothesisId":"B","location":"RecommendationService.php:worker_loop","message":"Job scored","data":{"job_id":1,"score":0,"success":true,"added":false},"timestamp":1772399225727}
{"sessionId":"2a3dda","hypothesisId":"C","location":"RecommendationService.php:getJobRecommendationScoreForWorker","message":"Cache hit","data":{"job_id":2,"worker_id":20,"cached_score":20},"timestamp":1772399225729}
{"sessionId":"2a3dda","hypothesisId":"B","location":"RecommendationService.php:worker_loop","message":"Job scored","data":{"job_id":2,"score":20,"success":true,"added":true},"timestamp":1772399225730}
{"sessionId":"2a3dda","hypothesisId":"A","location":"RecommendationService.php:getJobRecommendationsForWorker","message":"Returned recommendations","data":{"match_count":3,"returned_job_ids":[23,5,2]},"timestamp":1772399225730}
{"sessionId":"2a3dda","hypothesisId":"A","location":"RecommendationService.php:getJobRecommendationsForWorker","message":"Job pool for worker","data":{"worker_id":20,"pool_size":10,"job_ids":[23,22,21,20,18,3,4,5,1,2],"total_open_with_skills":10},"timestamp":1772399244640}
{"sessionId":"2a3dda","hypothesisId":"B","location":"RecommendationService.php:worker_loop","message":"Job scored","data":{"job_id":23,"score":47,"success":true,"added":true},"timestamp":1772399245941}
{"sessionId":"2a3dda","hypothesisId":"B","location":"RecommendationService.php:worker_loop","message":"Job scored","data":{"job_id":22,"score":70,"success":true,"added":true},"timestamp":1772399247503}
{"sessionId":"2a3dda","hypothesisId":"B","location":"RecommendationService.php:worker_loop","message":"Job scored","data":{"job_id":21,"score":77,"success":true,"added":true},"timestamp":1772399248751}
{"sessionId":"2a3dda","hypothesisId":"B","location":"RecommendationService.php:worker_loop","message":"Job scored","data":{"job_id":20,"score":77,"success":true,"added":true},"timestamp":1772399249950}
{"sessionId":"2a3dda","hypothesisId":"B","location":"RecommendationService.php:worker_loop","message":"Job scored","data":{"job_id":18,"score":77,"success":true,"added":true},"timestamp":1772399251031}
{"sessionId":"2a3dda","hypothesisId":"B","location":"RecommendationService.php:worker_loop","message":"Job scored","data":{"job_id":3,"score":30,"success":true,"added":true},"timestamp":1772399253438}
{"sessionId":"2a3dda","hypothesisId":"B","location":"RecommendationService.php:worker_loop","message":"Job scored","data":{"job_id":4,"score":30,"success":true,"added":true},"timestamp":1772399254450}
{"sessionId":"2a3dda","hypothesisId":"B","location":"RecommendationService.php:worker_loop","message":"Job scored","data":{"job_id":5,"score":40,"success":true,"added":true},"timestamp":1772399255598}
{"sessionId":"2a3dda","hypothesisId":"E","location":"RecommendationService.php:fallbackWorkerScore","message":"Zero score","data":{"job_id":1,"job_skill_names":["laravel","rest api","mysql"],"worker_skill_names":["3ds max","2d\/3d game design","a\/b testing"],"match_count":0,"total":3},"timestamp":1772399256701}
{"sessionId":"2a3dda","hypothesisId":"B","location":"RecommendationService.php:worker_loop","message":"Job scored","data":{"job_id":1,"score":0,"success":true,"added":false},"timestamp":1772399256718}
{"sessionId":"2a3dda","hypothesisId":"B","location":"RecommendationService.php:worker_loop","message":"Job scored","data":{"job_id":2,"score":20,"success":true,"added":true},"timestamp":1772399257852}
{"sessionId":"2a3dda","hypothesisId":"A","location":"RecommendationService.php:getJobRecommendationsForWorker","message":"Returned recommendations","data":{"match_count":9,"returned_job_ids":[21,20,18,22,23,5,3,4,2]},"timestamp":1772399257854}
{"sessionId":"2a3dda","hypothesisId":"A","location":"RecommendationService.php:getJobRecommendationsForWorker","message":"Job pool for worker","data":{"worker_id":20,"pool_size":10,"job_ids":[23,22,21,20,18,3,4,5,1,2],"total_open_with_skills":10},"timestamp":1772399354986}
{"sessionId":"2a3dda","hypothesisId":"C","location":"RecommendationService.php:getJobRecommendationScoreForWorker","message":"Cache hit","data":{"job_id":23,"worker_id":20,"cached_score":47},"timestamp":1772399355010}
{"sessionId":"2a3dda","hypothesisId":"B","location":"RecommendationService.php:worker_loop","message":"Job scored","data":{"job_id":23,"score":47,"success":true,"added":true},"timestamp":1772399355013}
{"sessionId":"2a3dda","hypothesisId":"C","location":"RecommendationService.php:getJobRecommendationScoreForWorker","message":"Cache hit","data":{"job_id":22,"worker_id":20,"cached_score":70},"timestamp":1772399355014}
{"sessionId":"2a3dda","hypothesisId":"B","location":"RecommendationService.php:worker_loop","message":"Job scored","data":{"job_id":22,"score":70,"success":true,"added":true},"timestamp":1772399355015}
{"sessionId":"2a3dda","hypothesisId":"C","location":"RecommendationService.php:getJobRecommendationScoreForWorker","message":"Cache hit","data":{"job_id":21,"worker_id":20,"cached_score":77},"timestamp":1772399355017}
{"sessionId":"2a3dda","hypothesisId":"B","location":"RecommendationService.php:worker_loop","message":"Job scored","data":{"job_id":21,"score":77,"success":true,"added":true},"timestamp":1772399355018}
{"sessionId":"2a3dda","hypothesisId":"C","location":"RecommendationService.php:getJobRecommendationScoreForWorker","message":"Cache hit","data":{"job_id":20,"worker_id":20,"cached_score":77},"timestamp":1772399355021}
{"sessionId":"2a3dda","hypothesisId":"B","location":"RecommendationService.php:worker_loop","message":"Job scored","data":{"job_id":20,"score":77,"success":true,"added":true},"timestamp":1772399355024}
{"sessionId":"2a3dda","hypothesisId":"C","location":"RecommendationService.php:getJobRecommendationScoreForWorker","message":"Cache hit","data":{"job_id":18,"worker_id":20,"cached_score":77},"timestamp":1772399355029}
{"sessionId":"2a3dda","hypothesisId":"B","location":"RecommendationService.php:worker_loop","message":"Job scored","data":{"job_id":18,"score":77,"success":true,"added":true},"timestamp":1772399355030}
{"sessionId":"2a3dda","hypothesisId":"C","location":"RecommendationService.php:getJobRecommendationScoreForWorker","message":"Cache hit","data":{"job_id":3,"worker_id":20,"cached_score":30},"timestamp":1772399355032}
{"sessionId":"2a3dda","hypothesisId":"B","location":"RecommendationService.php:worker_loop","message":"Job scored","data":{"job_id":3,"score":30,"success":true,"added":true},"timestamp":1772399355033}
{"sessionId":"2a3dda","hypothesisId":"C","location":"RecommendationService.php:getJobRecommendationScoreForWorker","message":"Cache hit","data":{"job_id":4,"worker_id":20,"cached_score":30},"timestamp":1772399355034}
{"sessionId":"2a3dda","hypothesisId":"B","location":"RecommendationService.php:worker_loop","message":"Job scored","data":{"job_id":4,"score":30,"success":true,"added":true},"timestamp":1772399355035}
{"sessionId":"2a3dda","hypothesisId":"C","location":"RecommendationService.php:getJobRecommendationScoreForWorker","message":"Cache hit","data":{"job_id":5,"worker_id":20,"cached_score":40},"timestamp":1772399355036}
{"sessionId":"2a3dda","hypothesisId":"B","location":"RecommendationService.php:worker_loop","message":"Job scored","data":{"job_id":5,"score":40,"success":true,"added":true},"timestamp":1772399355037}
{"sessionId":"2a3dda","hypothesisId":"C","location":"RecommendationService.php:getJobRecommendationScoreForWorker","message":"Cache hit","data":{"job_id":1,"worker_id":20,"cached_score":0},"timestamp":1772399355039}
{"sessionId":"2a3dda","hypothesisId":"B","location":"RecommendationService.php:worker_loop","message":"Job scored","data":{"job_id":1,"score":0,"success":true,"added":false},"timestamp":1772399355040}
{"sessionId":"2a3dda","hypothesisId":"C","location":"RecommendationService.php:getJobRecommendationScoreForWorker","message":"Cache hit","data":{"job_id":2,"worker_id":20,"cached_score":20},"timestamp":1772399355043}
{"sessionId":"2a3dda","hypothesisId":"B","location":"RecommendationService.php:worker_loop","message":"Job scored","data":{"job_id":2,"score":20,"success":true,"added":true},"timestamp":1772399355045}
{"sessionId":"2a3dda","hypothesisId":"A","location":"RecommendationService.php:getJobRecommendationsForWorker","message":"Returned recommendations","data":{"match_count":9,"returned_job_ids":[21,20,18,22,23,5,3,4,2]},"timestamp":1772399355046}
{"sessionId":"2a3dda","hypothesisId":"A","location":"RecommendationService.php:getJobRecommendationsForWorker","message":"Job pool for worker","data":{"worker_id":20,"pool_size":10,"job_ids":[23,22,21,20,18,3,4,5,1,2],"total_open_with_skills":10},"timestamp":1772399367698}
{"sessionId":"2a3dda","hypothesisId":"C","location":"RecommendationService.php:getJobRecommendationScoreForWorker","message":"Cache hit","data":{"job_id":23,"worker_id":20,"cached_score":47},"timestamp":1772399367729}
{"sessionId":"2a3dda","hypothesisId":"B","location":"RecommendationService.php:worker_loop","message":"Job scored","data":{"job_id":23,"score":47,"success":true,"added":true},"timestamp":1772399367731}
{"sessionId":"2a3dda","hypothesisId":"C","location":"RecommendationService.php:getJobRecommendationScoreForWorker","message":"Cache hit","data":{"job_id":22,"worker_id":20,"cached_score":70},"timestamp":1772399367734}
{"sessionId":"2a3dda","hypothesisId":"B","location":"RecommendationService.php:worker_loop","message":"Job scored","data":{"job_id":22,"score":70,"success":true,"added":true},"timestamp":1772399367744}
{"sessionId":"2a3dda","hypothesisId":"C","location":"RecommendationService.php:getJobRecommendationScoreForWorker","message":"Cache hit","data":{"job_id":21,"worker_id":20,"cached_score":77},"timestamp":1772399367748}
{"sessionId":"2a3dda","hypothesisId":"B","location":"RecommendationService.php:worker_loop","message":"Job scored","data":{"job_id":21,"score":77,"success":true,"added":true},"timestamp":1772399367749}
{"sessionId":"2a3dda","hypothesisId":"C","location":"RecommendationService.php:getJobRecommendationScoreForWorker","message":"Cache hit","data":{"job_id":20,"worker_id":20,"cached_score":77},"timestamp":1772399367751}
{"sessionId":"2a3dda","hypothesisId":"B","location":"RecommendationService.php:worker_loop","message":"Job scored","data":{"job_id":20,"score":77,"success":true,"added":true},"timestamp":1772399367754}
{"sessionId":"2a3dda","hypothesisId":"C","location":"RecommendationService.php:getJobRecommendationScoreForWorker","message":"Cache hit","data":{"job_id":18,"worker_id":20,"cached_score":77},"timestamp":1772399367757}
{"sessionId":"2a3dda","hypothesisId":"B","location":"RecommendationService.php:worker_loop","message":"Job scored","data":{"job_id":18,"score":77,"success":true,"added":true},"timestamp":1772399367759}
{"sessionId":"2a3dda","hypothesisId":"C","location":"RecommendationService.php:getJobRecommendationScoreForWorker","message":"Cache hit","data":{"job_id":3,"worker_id":20,"cached_score":30},"timestamp":1772399367762}
{"sessionId":"2a3dda","hypothesisId":"B","location":"RecommendationService.php:worker_loop","message":"Job scored","data":{"job_id":3,"score":30,"success":true,"added":true},"timestamp":1772399367763}
{"sessionId":"2a3dda","hypothesisId":"C","location":"RecommendationService.php:getJobRecommendationScoreForWorker","message":"Cache hit","data":{"job_id":4,"worker_id":20,"cached_score":30},"timestamp":1772399367765}
{"sessionId":"2a3dda","hypothesisId":"B","location":"RecommendationService.php:worker_loop","message":"Job scored","data":{"job_id":4,"score":30,"success":true,"added":true},"timestamp":1772399367766}
{"sessionId":"2a3dda","hypothesisId":"C","location":"RecommendationService.php:getJobRecommendationScoreForWorker","message":"Cache hit","data":{"job_id":5,"worker_id":20,"cached_score":40},"timestamp":1772399367772}
{"sessionId":"2a3dda","hypothesisId":"B","location":"RecommendationService.php:worker_loop","message":"Job scored","data":{"job_id":5,"score":40,"success":true,"added":true},"timestamp":1772399367773}
{"sessionId":"2a3dda","hypothesisId":"C","location":"RecommendationService.php:getJobRecommendationScoreForWorker","message":"Cache hit","data":{"job_id":1,"worker_id":20,"cached_score":0},"timestamp":1772399367775}
{"sessionId":"2a3dda","hypothesisId":"B","location":"RecommendationService.php:worker_loop","message":"Job scored","data":{"job_id":1,"score":0,"success":true,"added":false},"timestamp":1772399367776}
{"sessionId":"2a3dda","hypothesisId":"C","location":"RecommendationService.php:getJobRecommendationScoreForWorker","message":"Cache hit","data":{"job_id":2,"worker_id":20,"cached_score":20},"timestamp":1772399367780}
{"sessionId":"2a3dda","hypothesisId":"B","location":"RecommendationService.php:worker_loop","message":"Job scored","data":{"job_id":2,"score":20,"success":true,"added":true},"timestamp":1772399367781}
{"sessionId":"2a3dda","hypothesisId":"A","location":"RecommendationService.php:getJobRecommendationsForWorker","message":"Returned recommendations","data":{"match_count":9,"returned_job_ids":[21,20,18,22,23,5,3,4,2]},"timestamp":1772399367781}
